<?xml version="1.0" encoding="UTF-8"?>
<!-- Generated by org.testng.reporters.JUnitReportReporter -->
<testsuite skipped="0" hostname="DESKTOP-M74E1UE" name="automation.Automation.Basepage" tests="1" failures="0" timestamp="06 Mar 2018 12:38:37 GMT" time="20.425" errors="0">
  <testcase name="browser" time="20.425" classname="automation.Automation.Basepage"/>
</testsuite> <!-- automation.Automation.Basepage -->
