<?xml version="1.0" encoding="UTF-8"?>
<!-- Generated by org.testng.reporters.JUnitReportReporter -->
<testsuite skipped="0" hostname="DESKTOP-M74E1UE" name="Browsermanagement.Basepage" tests="1" failures="0" timestamp="06 Mar 2018 14:13:11 GMT" time="21.919" errors="0">
  <testcase name="browser" time="21.919" classname="Browsermanagement.Basepage"/>
</testsuite> <!-- Browsermanagement.Basepage -->
