<?xml version="1.0" encoding="UTF-8"?>
<!-- Generated by org.testng.reporters.JUnitReportReporter -->
<testsuite skipped="0" hostname="DESKTOP-G4DCBLO" name="runcukes.Naukrilogin" tests="1" failures="0" timestamp="08 Mar 2018 10:50:59 GMT" time="50.103" errors="0">
  <testcase name="feature" time="50.103" classname="runcukes.Naukrilogin"/>
</testsuite> <!-- runcukes.Naukrilogin -->
