<?xml version="1.0" encoding="UTF-8"?>
<!-- Generated by org.testng.reporters.JUnitReportReporter -->
<testsuite skipped="0" hostname="DESKTOP-G4DCBLO" name="runcukes.Naukrilogin" tests="1" failures="0" timestamp="12 Mar 2018 06:17:16 GMT" time="49.545" errors="0">
  <testcase name="feature" time="49.545" classname="runcukes.Naukrilogin"/>
</testsuite> <!-- runcukes.Naukrilogin -->
